# Logfile created on 2014-01-26 19:43:35 +0545 by logger.rb/36483
I, [2014-01-26T19:43:35.503360 #2784]  INFO -- : 0:  tilt (1.4.1) from /home/susan/.rvm/gems/ruby-2.0.0-p247/specifications/tilt-1.4.1.gemspec
I, [2014-01-26T19:43:52.880877 #2784]  INFO -- : 0:  haml (4.0.5) from /home/susan/.rvm/gems/ruby-2.0.0-p247/specifications/haml-4.0.5.gemspec
I, [2014-01-26T19:43:52.881692 #2784]  INFO -- : 0:  rack (1.5.2) from /home/susan/.rvm/gems/ruby-2.0.0-p247/specifications/rack-1.5.2.gemspec
I, [2014-01-26T19:44:07.776362 #2784]  INFO -- : 0:  rack-protection (1.5.2) from /home/susan/.rvm/gems/ruby-2.0.0-p247/specifications/rack-protection-1.5.2.gemspec
I, [2014-01-26T19:44:28.296583 #2784]  INFO -- : 0:  sass (3.2.14) from /home/susan/.rvm/gems/ruby-2.0.0-p247/specifications/sass-3.2.14.gemspec
I, [2014-01-26T19:44:28.297143 #2784]  INFO -- : 0:  shotgun (0.9) from /home/susan/.rvm/gems/ruby-2.0.0-p247/specifications/shotgun-0.9.gemspec
I, [2014-01-26T19:44:50.071003 #2784]  INFO -- : 0:  sinatra (1.4.4) from /home/susan/.rvm/gems/ruby-2.0.0-p247/specifications/sinatra-1.4.4.gemspec
I, [2014-01-26T19:44:50.071531 #2784]  INFO -- : 0:  sqlite3 (1.3.8) from /home/susan/.rvm/gems/ruby-2.0.0-p247/specifications/sqlite3-1.3.8.gemspec
I, [2014-01-26T19:44:50.071913 #2784]  INFO -- : 0:  bundler (1.5.1) from /home/susan/.rvm/gems/ruby-2.0.0-p247/specifications/bundler-1.5.1.gemspec
I, [2014-01-28T21:02:47.213653 #4179]  INFO -- : 0:  addressable (2.3.5) from /home/susan/.rvm/gems/ruby-2.0.0-p247/specifications/addressable-2.3.5.gemspec
I, [2014-01-28T21:02:47.231313 #4179]  INFO -- : 0:  bcrypt-ruby (3.1.2) from /home/susan/.rvm/gems/ruby-2.0.0-p247/specifications/bcrypt-ruby-3.1.2.gemspec
I, [2014-01-28T21:02:54.555618 #4179]  INFO -- : 0:  dm-core (1.2.1) from /home/susan/.rvm/gems/ruby-2.0.0-p247/specifications/dm-core-1.2.1.gemspec
I, [2014-01-28T21:02:57.972496 #4179]  INFO -- : 0:  dm-aggregates (1.2.0) from /home/susan/.rvm/gems/ruby-2.0.0-p247/specifications/dm-aggregates-1.2.0.gemspec
I, [2014-01-28T21:03:01.541368 #4179]  INFO -- : 0:  dm-constraints (1.2.0) from /home/susan/.rvm/gems/ruby-2.0.0-p247/specifications/dm-constraints-1.2.0.gemspec
I, [2014-01-28T21:03:05.553233 #4179]  INFO -- : 0:  dm-migrations (1.2.0) from /home/susan/.rvm/gems/ruby-2.0.0-p247/specifications/dm-migrations-1.2.0.gemspec
I, [2014-01-28T21:03:05.554311 #4179]  INFO -- : 0:  fastercsv (1.5.5) from /home/susan/.rvm/gems/ruby-2.0.0-p247/specifications/fastercsv-1.5.5.gemspec
I, [2014-01-28T21:03:05.555136 #4179]  INFO -- : 0:  json (1.8.1) from /home/susan/.rvm/gems/ruby-2.0.0-p247/specifications/json-1.8.1.gemspec
I, [2014-01-28T21:03:11.755372 #4179]  INFO -- : 0:  json_pure (1.8.1) from /home/susan/.rvm/gems/ruby-2.0.0-p247/specifications/json_pure-1.8.1.gemspec
I, [2014-01-28T21:03:16.159228 #4179]  INFO -- : 0:  multi_json (1.8.4) from /home/susan/.rvm/gems/ruby-2.0.0-p247/specifications/multi_json-1.8.4.gemspec
I, [2014-01-28T21:03:19.355067 #4179]  INFO -- : 0:  dm-serializer (1.2.2) from /home/susan/.rvm/gems/ruby-2.0.0-p247/specifications/dm-serializer-1.2.2.gemspec
I, [2014-01-28T21:03:22.657750 #4179]  INFO -- : 0:  dm-timestamps (1.2.0) from /home/susan/.rvm/gems/ruby-2.0.0-p247/specifications/dm-timestamps-1.2.0.gemspec
I, [2014-01-28T21:03:26.488677 #4179]  INFO -- : 0:  dm-transactions (1.2.0) from /home/susan/.rvm/gems/ruby-2.0.0-p247/specifications/dm-transactions-1.2.0.gemspec
I, [2014-01-28T21:03:32.345840 #4179]  INFO -- : 0:  stringex (1.5.1) from /home/susan/.rvm/gems/ruby-2.0.0-p247/specifications/stringex-1.5.1.gemspec
I, [2014-01-28T21:03:38.872005 #4179]  INFO -- : 0:  uuidtools (2.1.4) from /home/susan/.rvm/gems/ruby-2.0.0-p247/specifications/uuidtools-2.1.4.gemspec
I, [2014-01-28T21:03:42.920535 #4179]  INFO -- : 0:  dm-types (1.2.2) from /home/susan/.rvm/gems/ruby-2.0.0-p247/specifications/dm-types-1.2.2.gemspec
I, [2014-01-28T21:03:47.352503 #4179]  INFO -- : 0:  dm-validations (1.2.0) from /home/susan/.rvm/gems/ruby-2.0.0-p247/specifications/dm-validations-1.2.0.gemspec
I, [2014-01-28T21:03:50.294141 #4179]  INFO -- : 0:  data_mapper (1.2.0) from /home/susan/.rvm/gems/ruby-2.0.0-p247/specifications/data_mapper-1.2.0.gemspec
I, [2014-01-28T21:03:53.679580 #4179]  INFO -- : 0:  data_objects (0.10.13) from /home/susan/.rvm/gems/ruby-2.0.0-p247/specifications/data_objects-0.10.13.gemspec
I, [2014-01-28T21:03:57.159119 #4179]  INFO -- : 0:  dm-do-adapter (1.2.0) from /home/susan/.rvm/gems/ruby-2.0.0-p247/specifications/dm-do-adapter-1.2.0.gemspec
I, [2014-01-28T21:04:06.123881 #4179]  INFO -- : 0:  do_sqlite3 (0.10.13) from /home/susan/.rvm/gems/ruby-2.0.0-p247/specifications/do_sqlite3-0.10.13.gemspec
I, [2014-01-28T21:04:09.356348 #4179]  INFO -- : 0:  dm-sqlite-adapter (1.2.0) from /home/susan/.rvm/gems/ruby-2.0.0-p247/specifications/dm-sqlite-adapter-1.2.0.gemspec
I, [2014-01-28T21:04:09.357606 #4179]  INFO -- : 0:  tilt (1.4.1) from /home/susan/.rvm/gems/ruby-2.0.0-p247/specifications/tilt-1.4.1.gemspec
I, [2014-01-28T21:04:09.358500 #4179]  INFO -- : 0:  haml (4.0.5) from /home/susan/.rvm/gems/ruby-2.0.0-p247/specifications/haml-4.0.5.gemspec
I, [2014-01-28T21:04:09.359361 #4179]  INFO -- : 0:  rack (1.5.2) from /home/susan/.rvm/gems/ruby-2.0.0-p247/specifications/rack-1.5.2.gemspec
I, [2014-01-28T21:04:09.360220 #4179]  INFO -- : 0:  rack-protection (1.5.2) from /home/susan/.rvm/gems/ruby-2.0.0-p247/specifications/rack-protection-1.5.2.gemspec
I, [2014-01-28T21:04:09.361081 #4179]  INFO -- : 0:  sass (3.2.14) from /home/susan/.rvm/gems/ruby-2.0.0-p247/specifications/sass-3.2.14.gemspec
I, [2014-01-28T21:04:09.361650 #4179]  INFO -- : 0:  shotgun (0.9) from /home/susan/.rvm/gems/ruby-2.0.0-p247/specifications/shotgun-0.9.gemspec
I, [2014-01-28T21:04:09.362223 #4179]  INFO -- : 0:  sinatra (1.4.4) from /home/susan/.rvm/gems/ruby-2.0.0-p247/specifications/sinatra-1.4.4.gemspec
I, [2014-01-28T21:04:09.362776 #4179]  INFO -- : 0:  sqlite3 (1.3.8) from /home/susan/.rvm/gems/ruby-2.0.0-p247/specifications/sqlite3-1.3.8.gemspec
I, [2014-01-28T21:04:09.363318 #4179]  INFO -- : 0:  bundler (1.5.1) from /home/susan/.rvm/gems/ruby-2.0.0-p247/specifications/bundler-1.5.1.gemspec
